<?xml version="1.0" encoding="UTF-8"?>
<!-- Generated by org.testng.reporters.JUnitReportReporter -->
<testsuite skipped="0" hostname="DESKTOP-V19B7V8" name="com.spectrum.automation.keywords.Test" tests="1" failures="0" timestamp="06 Dec 2017 22:37:01 GMT" time="2.878" errors="0">
  <testcase name="SimpleTest" time="2.878" classname="com.spectrum.automation.keywords.Test"/>
</testsuite> <!-- com.spectrum.automation.keywords.Test -->
