<?xml version="1.0" encoding="UTF-8"?>
<!-- Generated by org.testng.reporters.JUnitReportReporter -->
<testsuite skipped="0" hostname="KAPAMACMA9RG8WN" name="framework.Test" tests="1" failures="0" timestamp="12 Dec 2017 21:24:42 GMT" time="8.603" errors="0">
  <testcase name="SimpleTest" time="8.603" classname="framework.Test"/>
</testsuite> <!-- framework.Test -->
